<?xml version="1.0" encoding="UTF-8"?>
<!-- Generated by org.testng.reporters.JUnitReportReporter -->
<testsuite hostname="DESKTOP-6LGQ6RF" failures="0" tests="1" name="com.hrm.tests.AdminTests" time="18.393" errors="0" timestamp="2023-09-22T13:42:12 IST" skipped="0">
  <testcase classname="com.hrm.tests.AdminTests" name="verifyUsersCreationOnAdminPage" time="18.393"/>
  <system-out/>
</testsuite> <!-- com.hrm.tests.AdminTests -->
